Release 14.7 - xst P.20131013 (nt)
Copyright (c) 1995-2013 Xilinx, Inc.  All rights reserved.
--> Parameter TMPDIR set to xst/projnav.tmp


Total REAL time to Xst completion: 0.00 secs
Total CPU time to Xst completion: 0.06 secs
 
--> Parameter xsthdpdir set to xst


Total REAL time to Xst completion: 0.00 secs
Total CPU time to Xst completion: 0.06 secs
 
--> Reading design: display_controller.prj

TABLE OF CONTENTS
  1) Synthesis Options Summary
  2) HDL Compilation
  3) Design Hierarchy Analysis
  4) HDL Analysis
  5) HDL Synthesis
     5.1) HDL Synthesis Report
  6) Advanced HDL Synthesis
     6.1) Advanced HDL Synthesis Report
  7) Low Level Synthesis
  8) Partition Report
  9) Final Report
	9.1) Device utilization summary
	9.2) Partition Resource Summary
	9.3) TIMING REPORT


=========================================================================
*                      Synthesis Options Summary                        *
=========================================================================
---- Source Parameters
Input File Name                    : "display_controller.prj"
Input Format                       : mixed
Ignore Synthesis Constraint File   : NO

---- Target Parameters
Output File Name                   : "display_controller"
Output Format                      : NGC
Target Device                      : xc3s100e-5-cp132

---- Source Options
Top Module Name                    : display_controller
Automatic FSM Extraction           : YES
FSM Encoding Algorithm             : Auto
Safe Implementation                : No
FSM Style                          : LUT
RAM Extraction                     : Yes
RAM Style                          : Auto
ROM Extraction                     : Yes
Mux Style                          : Auto
Decoder Extraction                 : YES
Priority Encoder Extraction        : Yes
Shift Register Extraction          : YES
Logical Shifter Extraction         : YES
XOR Collapsing                     : YES
ROM Style                          : Auto
Mux Extraction                     : Yes
Resource Sharing                   : YES
Asynchronous To Synchronous        : NO
Multiplier Style                   : Auto
Automatic Register Balancing       : No

---- Target Options
Add IO Buffers                     : YES
Global Maximum Fanout              : 100000
Add Generic Clock Buffer(BUFG)     : 24
Register Duplication               : YES
Slice Packing                      : YES
Optimize Instantiated Primitives   : NO
Use Clock Enable                   : Yes
Use Synchronous Set                : Yes
Use Synchronous Reset              : Yes
Pack IO Registers into IOBs        : Auto
Equivalent register Removal        : YES

---- General Options
Optimization Goal                  : Speed
Optimization Effort                : 1
Keep Hierarchy                     : No
Netlist Hierarchy                  : As_Optimized
RTL Output                         : Yes
Global Optimization                : AllClockNets
Read Cores                         : YES
Write Timing Constraints           : NO
Cross Clock Analysis               : NO
Hierarchy Separator                : /
Bus Delimiter                      : <>
Case Specifier                     : Maintain
Slice Utilization Ratio            : 100
BRAM Utilization Ratio             : 100
Verilog 2001                       : YES
Auto BRAM Packing                  : NO
Slice Utilization Ratio Delta      : 5

=========================================================================


=========================================================================
*                          HDL Compilation                              *
=========================================================================
Compiling vhdl file "C:/Users/081200032/Desktop/se/HierarquiaVHDL_20230901/reg.vhd" in Library work.
Architecture behavioral of Entity reg is up to date.
Compiling vhdl file "C:/Users/081200032/Desktop/se/HierarquiaVHDL_20230901/mux2X1.vhd" in Library work.
Architecture behavioral of Entity mux2x1 is up to date.
Compiling vhdl file "C:/Users/081200032/Desktop/se/HierarquiaVHDL_20230901/CONV_7SEG.vhd" in Library work.
Architecture behavioral of Entity conv_7seg is up to date.
Compiling vhdl file "C:/Users/081200032/Desktop/se/HierarquiaVHDL_20230901/display_controller.vhd" in Library work.
Architecture behavioral of Entity display_controller is up to date.

=========================================================================
*                     Design Hierarchy Analysis                         *
=========================================================================
Analyzing hierarchy for entity <display_controller> in library <work> (architecture <behavioral>).

Analyzing hierarchy for entity <reg> in library <work> (architecture <behavioral>).

Analyzing hierarchy for entity <mux2X1> in library <work> (architecture <behavioral>).

Analyzing hierarchy for entity <CONV_7SEG> in library <work> (architecture <behavioral>).


=========================================================================
*                            HDL Analysis                               *
=========================================================================
Analyzing Entity <display_controller> in library <work> (Architecture <behavioral>).
Entity <display_controller> analyzed. Unit <display_controller> generated.

Analyzing Entity <reg> in library <work> (Architecture <behavioral>).
Entity <reg> analyzed. Unit <reg> generated.

Analyzing Entity <mux2X1> in library <work> (Architecture <behavioral>).
Entity <mux2X1> analyzed. Unit <mux2X1> generated.

Analyzing Entity <CONV_7SEG> in library <work> (Architecture <behavioral>).
Entity <CONV_7SEG> analyzed. Unit <CONV_7SEG> generated.


=========================================================================
*                           HDL Synthesis                               *
=========================================================================

Performing bidirectional port resolution...

Synthesizing Unit <reg>.
    Related source file is "C:/Users/081200032/Desktop/se/HierarquiaVHDL_20230901/reg.vhd".
    Found 4-bit register for signal <Q_OUT>.
    Summary:
	inferred   4 D-type flip-flop(s).
Unit <reg> synthesized.


Synthesizing Unit <mux2X1>.
    Related source file is "C:/Users/081200032/Desktop/se/HierarquiaVHDL_20230901/mux2X1.vhd".
Unit <mux2X1> synthesized.


Synthesizing Unit <CONV_7SEG>.
    Related source file is "C:/Users/081200032/Desktop/se/HierarquiaVHDL_20230901/CONV_7SEG.vhd".
    Found 16x8-bit ROM for signal <SEG7>.
    Summary:
	inferred   1 ROM(s).
Unit <CONV_7SEG> synthesized.


Synthesizing Unit <display_controller>.
    Related source file is "C:/Users/081200032/Desktop/se/HierarquiaVHDL_20230901/display_controller.vhd".
Unit <display_controller> synthesized.


=========================================================================
HDL Synthesis Report

Macro Statistics
# ROMs                                                 : 1
 16x8-bit ROM                                          : 1
# Registers                                            : 3
 4-bit register                                        : 3

=========================================================================

=========================================================================
*                       Advanced HDL Synthesis                          *
=========================================================================


=========================================================================
Advanced HDL Synthesis Report

Macro Statistics
# ROMs                                                 : 1
 16x8-bit ROM                                          : 1
# Registers                                            : 12
 Flip-Flops                                            : 12

=========================================================================

=========================================================================
*                         Low Level Synthesis                           *
=========================================================================

Optimizing unit <display_controller> ...

Mapping all equations...
Building and optimizing final netlist ...
Found area constraint ratio of 100 (+ 5) on block display_controller, actual ratio is 0.

Final Macro Processing ...

=========================================================================
Final Register Report

Macro Statistics
# Registers                                            : 12
 Flip-Flops                                            : 12

=========================================================================

=========================================================================
*                           Partition Report                            *
=========================================================================

Partition Implementation Status
-------------------------------

  No Partitions were found in this design.

-------------------------------

=========================================================================
*                            Final Report                               *
=========================================================================
Final Results
RTL Top Level Output File Name     : display_controller.ngr
Top Level Output File Name         : display_controller
Output Format                      : NGC
Optimization Goal                  : Speed
Keep Hierarchy                     : No

Design Statistics
# IOs                              : 18

Cell Usage :
# BELS                             : 12
#      LUT3                        : 4
#      LUT4                        : 7
#      VCC                         : 1
# FlipFlops/Latches                : 12
#      FDRE                        : 12
# Clock Buffers                    : 1
#      BUFGP                       : 1
# IO Buffers                       : 17
#      IBUF                        : 9
#      OBUF                        : 8
=========================================================================

Device utilization summary:
---------------------------

Selected Device : 3s100ecp132-5 

 Number of Slices:                        7  out of    960     0%  
 Number of Slice Flip Flops:             12  out of   1920     0%  
 Number of 4 input LUTs:                 11  out of   1920     0%  
 Number of IOs:                          18
 Number of bonded IOBs:                  18  out of     83    21%  
 Number of GCLKs:                         1  out of     24     4%  

---------------------------
Partition Resource Summary:
---------------------------

  No Partitions were found in this design.

---------------------------


=========================================================================
TIMING REPORT

NOTE: THESE TIMING NUMBERS ARE ONLY A SYNTHESIS ESTIMATE.
      FOR ACCURATE TIMING INFORMATION PLEASE REFER TO THE TRACE REPORT
      GENERATED AFTER PLACE-and-ROUTE.

Clock Information:
------------------
-----------------------------------+------------------------+-------+
Clock Signal                       | Clock buffer(FF name)  | Load  |
-----------------------------------+------------------------+-------+
CLOCK                              | BUFGP                  | 12    |
-----------------------------------+------------------------+-------+

Asynchronous Control Signals Information:
----------------------------------------
No asynchronous control signals found in this design

Timing Summary:
---------------
Speed Grade: -5

   Minimum period: 1.820ns (Maximum Frequency: 549.451MHz)
   Minimum input arrival time before clock: 2.718ns
   Maximum output required time after clock: 5.406ns
   Maximum combinational path delay: No path found

Timing Detail:
--------------
All values displayed in nanoseconds (ns)

=========================================================================
Timing constraint: Default period analysis for Clock 'CLOCK'
  Clock period: 1.820ns (frequency: 549.451MHz)
  Total number of paths / destination ports: 8 / 4
-------------------------------------------------------------------------
Delay:               1.820ns (Levels of Logic = 1)
  Source:            useR2/Q_OUT_3 (FF)
  Destination:       useR3/Q_OUT_3 (FF)
  Source Clock:      CLOCK rising
  Destination Clock: CLOCK rising

  Data Path: useR2/Q_OUT_3 to useR3/Q_OUT_3
                                Gate     Net
    Cell:in->out      fanout   Delay   Delay  Logical Name (Net Name)
    ----------------------------------------  ------------
     FDRE:C->Q             1   0.514   0.426  useR2/Q_OUT_3 (useR2/Q_OUT_3)
     LUT3:I1->O            1   0.612   0.000  useMUX/MUX_OUT<3>1 (outMUX_to_inR3<3>)
     FDRE:D                    0.268          useR3/Q_OUT_3
    ----------------------------------------
    Total                      1.820ns (1.394ns logic, 0.426ns route)
                                       (76.6% logic, 23.4% route)

=========================================================================
Timing constraint: Default OFFSET IN BEFORE for Clock 'CLOCK'
  Total number of paths / destination ports: 36 / 36
-------------------------------------------------------------------------
Offset:              2.718ns (Levels of Logic = 1)
  Source:            CLEAR (PAD)
  Destination:       useR3/Q_OUT_3 (FF)
  Destination Clock: CLOCK rising

  Data Path: CLEAR to useR3/Q_OUT_3
                                Gate     Net
    Cell:in->out      fanout   Delay   Delay  Logical Name (Net Name)
    ----------------------------------------  ------------
     IBUF:I->O            12   1.106   0.817  CLEAR_IBUF (CLEAR_IBUF)
     FDRE:R                    0.795          useR3/Q_OUT_0
    ----------------------------------------
    Total                      2.718ns (1.901ns logic, 0.817ns route)
                                       (69.9% logic, 30.1% route)

=========================================================================
Timing constraint: Default OFFSET OUT AFTER for Clock 'CLOCK'
  Total number of paths / destination ports: 28 / 7
-------------------------------------------------------------------------
Offset:              5.406ns (Levels of Logic = 2)
  Source:            useR3/Q_OUT_1 (FF)
  Destination:       DISP<6> (PAD)
  Source Clock:      CLOCK rising

  Data Path: useR3/Q_OUT_1 to DISP<6>
                                Gate     Net
    Cell:in->out      fanout   Delay   Delay  Logical Name (Net Name)
    ----------------------------------------  ------------
     FDRE:C->Q             7   0.514   0.754  useR3/Q_OUT_1 (useR3/Q_OUT_1)
     LUT4:I0->O            1   0.612   0.357  useCONV7SEG/Mrom_SEG721 (DISP_2_OBUF)
     OBUF:I->O                 3.169          DISP_2_OBUF (DISP<2>)
    ----------------------------------------
    Total                      5.406ns (4.295ns logic, 1.111ns route)
                                       (79.5% logic, 20.5% route)

=========================================================================


Total REAL time to Xst completion: 2.00 secs
Total CPU time to Xst completion: 1.82 secs
 
--> 

Total memory usage is 231136 kilobytes

Number of errors   :    0 (   0 filtered)
Number of warnings :    0 (   0 filtered)
Number of infos    :    0 (   0 filtered)

