Release 14.7 Map P.20131013 (nt)
Xilinx Mapping Report File for Design 'porta_AND'

Design Information
------------------
Command Line   : map -intstyle ise -p xc3s100e-cp132-5 -cm area -ir off -pr off
-c 100 -o porta_AND_map.ncd porta_AND.ngd porta_AND.pcf 
Target Device  : xc3s100e
Target Package : cp132
Target Speed   : -5
Mapper Version : spartan3e -- $Revision: 1.55 $
Mapped Date    : Thu Aug 17 21:43:09 2023

Design Summary
--------------
Number of errors   :   1
Number of warnings :   0

Section 1 - Errors
------------------
ERROR:Security:9c - No 'ISE' nor 'WebPack' feature version 2013.10 was available
for part 'xc3s100e'.
ERROR:Map:258 - A problem was encountered attempting to get the license for this
   architecture. 

Section 2 - Warnings
--------------------
WARNING:Security:43 - No license file was found in the standard Xilinx license
directory.
WARNING:Security:44 - Since no license file was found,

Section 3 - Informational
-------------------------
INFO:Security:50 - The XILINXD_LICENSE_FILE environment variable is set to
'c:\xlinx'.
INFO:Security:52 - The LM_LICENSE_FILE environment variable is set to
'c:\xlinx'.
INFO:Security:54 - 'xc3s100e' is a WebPack part.
INFO:Security:68a - user is 081200032, on host HPFS-CE-LAB6722.
