--------------------------------------------------------------------------------
Release 14.7 Trace  (nt)
Copyright (c) 1995-2013 Xilinx, Inc.  All rights reserved.

C:\Xilinx\14.7\ISE_DS\ISE\bin\nt\unwrapped\trce.exe -intstyle ise -v 3 -s 5 -n
3 -fastpaths -xml hex_decoder.twx hex_decoder.ncd -o hex_decoder.twr
hex_decoder.pcf -ucf CONSTANTS.ucf

Design file:              hex_decoder.ncd
Physical constraint file: hex_decoder.pcf
Device,package,speed:     xc3s100e,cp132,-5 (PRODUCTION 1.27 2013-10-13)
Report level:             verbose report

Environment Variable      Effect 
--------------------      ------ 
NONE                      No environment variables were set
--------------------------------------------------------------------------------

INFO:Timing:2698 - No timing constraints found, doing default enumeration.
INFO:Timing:3412 - To improve timing, see the Timing Closure User Guide (UG612).
INFO:Timing:2752 - To get complete path coverage, use the unconstrained paths 
   option. All paths that are not constrained will be reported in the 
   unconstrained paths section(s) of the report.
INFO:Timing:3339 - The clock-to-out numbers in this timing report are based on 
   a 50 Ohm transmission line loading model.  For the details of this model, 
   and for more information on accounting for different loading conditions, 
   please see the device datasheet.
INFO:Timing:3390 - This architecture does not support a default System Jitter 
   value, please add SYSTEM_JITTER constraint to the UCF to modify the Clock 
   Uncertainty calculation.
INFO:Timing:3389 - This architecture does not support 'Discrete Jitter' and 
   'Phase Error' calculations, these terms will be zero in the Clock 
   Uncertainty calculation.  Please make appropriate modification to 
   SYSTEM_JITTER to account for the unsupported Discrete Jitter and Phase 
   Error.



Data Sheet report:
-----------------
All values displayed in nanoseconds (ns)

Pad to Pad
---------------+---------------+---------+
Source Pad     |Destination Pad|  Delay  |
---------------+---------------+---------+
INPUT<0>       |SAIDA<0>       |    6.834|
INPUT<0>       |SAIDA<1>       |    7.098|
INPUT<0>       |SAIDA<2>       |    7.090|
INPUT<0>       |SAIDA<3>       |    6.736|
INPUT<0>       |SAIDA<4>       |    6.509|
INPUT<0>       |SAIDA<5>       |    6.721|
INPUT<0>       |SAIDA<6>       |    6.535|
INPUT<1>       |SAIDA<0>       |    7.820|
INPUT<1>       |SAIDA<1>       |    7.689|
INPUT<1>       |SAIDA<2>       |    7.676|
INPUT<1>       |SAIDA<3>       |    7.778|
INPUT<1>       |SAIDA<4>       |    7.543|
INPUT<1>       |SAIDA<5>       |    7.811|
INPUT<1>       |SAIDA<6>       |    7.569|
INPUT<2>       |SAIDA<0>       |    7.587|
INPUT<2>       |SAIDA<1>       |    7.361|
INPUT<2>       |SAIDA<2>       |    7.382|
INPUT<2>       |SAIDA<3>       |    7.495|
INPUT<2>       |SAIDA<4>       |    7.405|
INPUT<2>       |SAIDA<5>       |    7.639|
INPUT<2>       |SAIDA<6>       |    7.431|
INPUT<3>       |SAIDA<0>       |    7.408|
INPUT<3>       |SAIDA<1>       |    8.321|
INPUT<3>       |SAIDA<2>       |    8.364|
INPUT<3>       |SAIDA<3>       |    7.343|
INPUT<3>       |SAIDA<4>       |    7.264|
INPUT<3>       |SAIDA<5>       |    7.527|
INPUT<3>       |SAIDA<6>       |    7.290|
---------------+---------------+---------+


Analysis completed Fri Aug 25 22:28:22 2023 
--------------------------------------------------------------------------------

Trace Settings:
-------------------------
Trace Settings 

Peak Memory Usage: 130 MB



